This file contains any messages produced by compilers while
running configure, to aid debugging if configure makes a mistake.

It was created by libspatialite configure 4.0.0, which was
generated by GNU Autoconf 2.68.  Invocation command line was

  $ ./libspatialite-4.0.0/configure --build=x86_64-pc-linux-gnu --host=arm-linux-eabi --build=x86_64-pc-linux-gnu --host=arm-linux-eabi

## --------- ##
## Platform. ##
## --------- ##

hostname = srikanth-VirtualBox
uname -m = i686
uname -r = 3.0.0-12-generic
uname -s = Linux
uname -v = #20-Ubuntu SMP Fri Oct 7 14:50:42 UTC 2011

/usr/bin/uname -p = unknown
/bin/uname -X     = unknown

/bin/arch              = unknown
/usr/bin/arch -k       = unknown
/usr/convex/getsysinfo = unknown
/usr/bin/hostinfo      = unknown
/bin/machine           = unknown
/usr/bin/oslevel       = unknown
/bin/universe          = unknown

PATH: /usr/lib/lightdm/lightdm
PATH: /usr/local/sbin
PATH: /usr/local/bin
PATH: /usr/sbin
PATH: /usr/bin
PATH: /sbin
PATH: /bin
PATH: /usr/games
PATH: /usr/lib/oracle/xe/app/oracle/product/10.2.0/server/bin


## ----------- ##
## Core tests. ##
## ----------- ##

configure:2460: checking for a BSD-compatible install
configure:2528: result: /usr/bin/install -c
configure:2539: checking whether build environment is sane
configure:2589: result: yes
configure:2638: checking for arm-linux-eabi-strip
configure:2668: result: no
configure:2678: checking for strip
configure:2694: found /usr/bin/strip
configure:2705: result: strip
configure:2717: WARNING: using cross tools not prefixed with host triplet
configure:2730: checking for a thread-safe mkdir -p
configure:2769: result: /bin/mkdir -p
configure:2782: checking for gawk
configure:2812: result: no
configure:2782: checking for mawk
configure:2798: found /usr/bin/mawk
configure:2809: result: mawk
configure:2820: checking whether make sets $(MAKE)
configure:2842: result: yes
configure:2923: checking whether to enable maintainer-specific portions of Makefiles
configure:2932: result: no
configure:2989: checking for style of include used by make
configure:3017: result: GNU
configure:3048: checking for arm-linux-eabi-gcc
configure:3078: result: no
configure:3088: checking for gcc
configure:3104: found /usr/bin/gcc
configure:3115: result: gcc
configure:3344: checking for C compiler version
configure:3353: gcc --version >&5
gcc (Ubuntu/Linaro 4.6.1-9ubuntu3) 4.6.1
Copyright (C) 2011 Free Software Foundation, Inc.
This is free software; see the source for copying conditions.  There is NO
warranty; not even for MERCHANTABILITY or FITNESS FOR A PARTICULAR PURPOSE.

configure:3364: $? = 0
configure:3353: gcc -v >&5
Using built-in specs.
COLLECT_GCC=gcc
COLLECT_LTO_WRAPPER=/usr/lib/gcc/i686-linux-gnu/4.6.1/lto-wrapper
Target: i686-linux-gnu
Configured with: ../src/configure -v --with-pkgversion='Ubuntu/Linaro 4.6.1-9ubuntu3' --with-bugurl=file:///usr/share/doc/gcc-4.6/README.Bugs --enable-languages=c,c++,fortran,objc,obj-c++,go --prefix=/usr --program-suffix=-4.6 --enable-shared --enable-linker-build-id --with-system-zlib --libexecdir=/usr/lib --without-included-gettext --enable-threads=posix --with-gxx-include-dir=/usr/include/c++/4.6 --libdir=/usr/lib --enable-nls --with-sysroot=/ --enable-clocale=gnu --enable-libstdcxx-debug --enable-libstdcxx-time=yes --enable-plugin --enable-objc-gc --enable-targets=all --disable-werror --with-arch-32=i686 --with-tune=generic --enable-checking=release --build=i686-linux-gnu --host=i686-linux-gnu --target=i686-linux-gnu
Thread model: posix
gcc version 4.6.1 (Ubuntu/Linaro 4.6.1-9ubuntu3) 
configure:3364: $? = 0
configure:3353: gcc -V >&5
gcc: error: unrecognized option '-V'
gcc: fatal error: no input files
compilation terminated.
configure:3364: $? = 4
configure:3353: gcc -qversion >&5
gcc: error: unrecognized option '-qversion'
gcc: fatal error: no input files
compilation terminated.
configure:3364: $? = 4
configure:3384: checking whether the C compiler works
configure:3406: gcc    conftest.c  >&5
configure:3410: $? = 0
configure:3458: result: yes
configure:3461: checking for C compiler default output file name
configure:3463: result: a.out
configure:3469: checking for suffix of executables
configure:3476: gcc -o conftest    conftest.c  >&5
configure:3480: $? = 0
configure:3502: result: 
configure:3524: checking whether we are cross compiling
configure:3562: result: yes
configure:3567: checking for suffix of object files
configure:3589: gcc -c   conftest.c >&5
configure:3593: $? = 0
configure:3614: result: o
configure:3618: checking whether we are using the GNU C compiler
configure:3637: gcc -c   conftest.c >&5
configure:3637: $? = 0
configure:3646: result: yes
configure:3655: checking whether gcc accepts -g
configure:3675: gcc -c -g  conftest.c >&5
configure:3675: $? = 0
configure:3716: result: yes
configure:3733: checking for gcc option to accept ISO C89
configure:3797: gcc  -c -g -O2  conftest.c >&5
configure:3797: $? = 0
configure:3810: result: none needed
configure:3832: checking dependency style of gcc
configure:3943: result: gcc3
configure:3964: checking how to run the C preprocessor
configure:3995: gcc -E  conftest.c
configure:3995: $? = 0
configure:4009: gcc -E  conftest.c
conftest.c:15:28: fatal error: ac_nonexistent.h: No such file or directory
compilation terminated.
configure:4009: $? = 1
configure: failed program was:
| /* confdefs.h */
| #define PACKAGE_NAME "libspatialite"
| #define PACKAGE_TARNAME "libspatialite"
| #define PACKAGE_VERSION "4.0.0"
| #define PACKAGE_STRING "libspatialite 4.0.0"
| #define PACKAGE_BUGREPORT "a.furieri@lqt.it"
| #define PACKAGE_URL ""
| #define PACKAGE "libspatialite"
| #define VERSION "4.0.0"
| #define _LARGE_FILE 1
| #define _FILE_OFFSET_BITS 64
| #define _LARGEFILE_SOURCE 1
| #define NDEBUG 1
| /* end confdefs.h.  */
| #include <ac_nonexistent.h>
configure:4034: result: gcc -E
configure:4054: gcc -E  conftest.c
configure:4054: $? = 0
configure:4068: gcc -E  conftest.c
conftest.c:15:28: fatal error: ac_nonexistent.h: No such file or directory
compilation terminated.
configure:4068: $? = 1
configure: failed program was:
| /* confdefs.h */
| #define PACKAGE_NAME "libspatialite"
| #define PACKAGE_TARNAME "libspatialite"
| #define PACKAGE_VERSION "4.0.0"
| #define PACKAGE_STRING "libspatialite 4.0.0"
| #define PACKAGE_BUGREPORT "a.furieri@lqt.it"
| #define PACKAGE_URL ""
| #define PACKAGE "libspatialite"
| #define VERSION "4.0.0"
| #define _LARGE_FILE 1
| #define _FILE_OFFSET_BITS 64
| #define _LARGEFILE_SOURCE 1
| #define NDEBUG 1
| /* end confdefs.h.  */
| #include <ac_nonexistent.h>
configure:4097: checking for grep that handles long lines and -e
configure:4155: result: /bin/grep
configure:4160: checking for egrep
configure:4222: result: /bin/grep -E
configure:4227: checking for ANSI C header files
configure:4247: gcc -c -g -O2  conftest.c >&5
configure:4247: $? = 0
configure:4331: result: yes
configure:4344: checking for sys/types.h
configure:4344: gcc -c -g -O2  conftest.c >&5
configure:4344: $? = 0
configure:4344: result: yes
configure:4344: checking for sys/stat.h
configure:4344: gcc -c -g -O2  conftest.c >&5
configure:4344: $? = 0
configure:4344: result: yes
configure:4344: checking for stdlib.h
configure:4344: gcc -c -g -O2  conftest.c >&5
configure:4344: $? = 0
configure:4344: result: yes
configure:4344: checking for string.h
configure:4344: gcc -c -g -O2  conftest.c >&5
configure:4344: $? = 0
configure:4344: result: yes
configure:4344: checking for memory.h
configure:4344: gcc -c -g -O2  conftest.c >&5
configure:4344: $? = 0
configure:4344: result: yes
configure:4344: checking for strings.h
configure:4344: gcc -c -g -O2  conftest.c >&5
configure:4344: $? = 0
configure:4344: result: yes
configure:4344: checking for inttypes.h
configure:4344: gcc -c -g -O2  conftest.c >&5
configure:4344: $? = 0
configure:4344: result: yes
configure:4344: checking for stdint.h
configure:4344: gcc -c -g -O2  conftest.c >&5
configure:4344: $? = 0
configure:4344: result: yes
configure:4344: checking for unistd.h
configure:4344: gcc -c -g -O2  conftest.c >&5
configure:4344: $? = 0
configure:4344: result: yes
configure:4358: checking for stdlib.h
configure:4358: result: yes
configure:4372: checking stdio.h usability
configure:4372: gcc -c -g -O2  conftest.c >&5
configure:4372: $? = 0
configure:4372: result: yes
configure:4372: checking stdio.h presence
configure:4372: gcc -E  conftest.c
configure:4372: $? = 0
configure:4372: result: yes
configure:4372: checking for stdio.h
configure:4372: result: yes
configure:4386: checking for string.h
configure:4386: result: yes
configure:4400: checking for memory.h
configure:4400: result: yes
configure:4414: checking math.h usability
configure:4414: gcc -c -g -O2  conftest.c >&5
configure:4414: $? = 0
configure:4414: result: yes
configure:4414: checking math.h presence
configure:4414: gcc -E  conftest.c
configure:4414: $? = 0
configure:4414: result: yes
configure:4414: checking for math.h
configure:4414: result: yes
configure:4428: checking float.h usability
configure:4428: gcc -c -g -O2  conftest.c >&5
configure:4428: $? = 0
configure:4428: result: yes
configure:4428: checking float.h presence
configure:4428: gcc -E  conftest.c
configure:4428: $? = 0
configure:4428: result: yes
configure:4428: checking for float.h
configure:4428: result: yes
configure:4442: checking fcntl.h usability
configure:4442: gcc -c -g -O2  conftest.c >&5
configure:4442: $? = 0
configure:4442: result: yes
configure:4442: checking fcntl.h presence
configure:4442: gcc -E  conftest.c
configure:4442: $? = 0
configure:4442: result: yes
configure:4442: checking for fcntl.h
configure:4442: result: yes
configure:4456: checking for inttypes.h
configure:4456: result: yes
configure:4470: checking stddef.h usability
configure:4470: gcc -c -g -O2  conftest.c >&5
configure:4470: $? = 0
configure:4470: result: yes
configure:4470: checking stddef.h presence
configure:4470: gcc -E  conftest.c
configure:4470: $? = 0
configure:4470: result: yes
configure:4470: checking for stddef.h
configure:4470: result: yes
configure:4484: checking for stdint.h
configure:4484: result: yes
configure:4498: checking sys/time.h usability
configure:4498: gcc -c -g -O2  conftest.c >&5
configure:4498: $? = 0
configure:4498: result: yes
configure:4498: checking sys/time.h presence
configure:4498: gcc -E  conftest.c
configure:4498: $? = 0
configure:4498: result: yes
configure:4498: checking for sys/time.h
configure:4498: result: yes
configure:4512: checking for unistd.h
configure:4512: result: yes
configure:4526: checking sqlite3.h usability
configure:4526: gcc -c -g -O2  conftest.c >&5
conftest.c:70:21: fatal error: sqlite3.h: No such file or directory
compilation terminated.
configure:4526: $? = 1
configure: failed program was:
| /* confdefs.h */
| #define PACKAGE_NAME "libspatialite"
| #define PACKAGE_TARNAME "libspatialite"
| #define PACKAGE_VERSION "4.0.0"
| #define PACKAGE_STRING "libspatialite 4.0.0"
| #define PACKAGE_BUGREPORT "a.furieri@lqt.it"
| #define PACKAGE_URL ""
| #define PACKAGE "libspatialite"
| #define VERSION "4.0.0"
| #define _LARGE_FILE 1
| #define _FILE_OFFSET_BITS 64
| #define _LARGEFILE_SOURCE 1
| #define NDEBUG 1
| #define STDC_HEADERS 1
| #define HAVE_SYS_TYPES_H 1
| #define HAVE_SYS_STAT_H 1
| #define HAVE_STDLIB_H 1
| #define HAVE_STRING_H 1
| #define HAVE_MEMORY_H 1
| #define HAVE_STRINGS_H 1
| #define HAVE_INTTYPES_H 1
| #define HAVE_STDINT_H 1
| #define HAVE_UNISTD_H 1
| #define HAVE_STDLIB_H 1
| #define HAVE_STDIO_H 1
| #define HAVE_STRING_H 1
| #define HAVE_MEMORY_H 1
| #define HAVE_MATH_H 1
| #define HAVE_FLOAT_H 1
| #define HAVE_FCNTL_H 1
| #define HAVE_INTTYPES_H 1
| #define HAVE_STDDEF_H 1
| #define HAVE_STDINT_H 1
| #define HAVE_SYS_TIME_H 1
| #define HAVE_UNISTD_H 1
| /* end confdefs.h.  */
| #include <stdio.h>
| #ifdef HAVE_SYS_TYPES_H
| # include <sys/types.h>
| #endif
| #ifdef HAVE_SYS_STAT_H
| # include <sys/stat.h>
| #endif
| #ifdef STDC_HEADERS
| # include <stdlib.h>
| # include <stddef.h>
| #else
| # ifdef HAVE_STDLIB_H
| #  include <stdlib.h>
| # endif
| #endif
| #ifdef HAVE_STRING_H
| # if !defined STDC_HEADERS && defined HAVE_MEMORY_H
| #  include <memory.h>
| # endif
| # include <string.h>
| #endif
| #ifdef HAVE_STRINGS_H
| # include <strings.h>
| #endif
| #ifdef HAVE_INTTYPES_H
| # include <inttypes.h>
| #endif
| #ifdef HAVE_STDINT_H
| # include <stdint.h>
| #endif
| #ifdef HAVE_UNISTD_H
| # include <unistd.h>
| #endif
| #include <sqlite3.h>
configure:4526: result: no
configure:4526: checking sqlite3.h presence
configure:4526: gcc -E  conftest.c
conftest.c:37:21: fatal error: sqlite3.h: No such file or directory
compilation terminated.
configure:4526: $? = 1
configure: failed program was:
| /* confdefs.h */
| #define PACKAGE_NAME "libspatialite"
| #define PACKAGE_TARNAME "libspatialite"
| #define PACKAGE_VERSION "4.0.0"
| #define PACKAGE_STRING "libspatialite 4.0.0"
| #define PACKAGE_BUGREPORT "a.furieri@lqt.it"
| #define PACKAGE_URL ""
| #define PACKAGE "libspatialite"
| #define VERSION "4.0.0"
| #define _LARGE_FILE 1
| #define _FILE_OFFSET_BITS 64
| #define _LARGEFILE_SOURCE 1
| #define NDEBUG 1
| #define STDC_HEADERS 1
| #define HAVE_SYS_TYPES_H 1
| #define HAVE_SYS_STAT_H 1
| #define HAVE_STDLIB_H 1
| #define HAVE_STRING_H 1
| #define HAVE_MEMORY_H 1
| #define HAVE_STRINGS_H 1
| #define HAVE_INTTYPES_H 1
| #define HAVE_STDINT_H 1
| #define HAVE_UNISTD_H 1
| #define HAVE_STDLIB_H 1
| #define HAVE_STDIO_H 1
| #define HAVE_STRING_H 1
| #define HAVE_MEMORY_H 1
| #define HAVE_MATH_H 1
| #define HAVE_FLOAT_H 1
| #define HAVE_FCNTL_H 1
| #define HAVE_INTTYPES_H 1
| #define HAVE_STDDEF_H 1
| #define HAVE_STDINT_H 1
| #define HAVE_SYS_TIME_H 1
| #define HAVE_UNISTD_H 1
| /* end confdefs.h.  */
| #include <sqlite3.h>
configure:4526: result: no
configure:4526: checking for sqlite3.h
configure:4526: result: no
configure:4533: error: cannot find sqlite3.h, bailing out

## ---------------- ##
## Cache variables. ##
## ---------------- ##

ac_cv_c_compiler_gnu=yes
ac_cv_env_CCC_set=
ac_cv_env_CCC_value=
ac_cv_env_CC_set=
ac_cv_env_CC_value=
ac_cv_env_CFLAGS_set=
ac_cv_env_CFLAGS_value=
ac_cv_env_CPPFLAGS_set=
ac_cv_env_CPPFLAGS_value=
ac_cv_env_CPP_set=
ac_cv_env_CPP_value=
ac_cv_env_CXXCPP_set=
ac_cv_env_CXXCPP_value=
ac_cv_env_CXXFLAGS_set=
ac_cv_env_CXXFLAGS_value=
ac_cv_env_CXX_set=
ac_cv_env_CXX_value=
ac_cv_env_LDFLAGS_set=
ac_cv_env_LDFLAGS_value=
ac_cv_env_LIBS_set=
ac_cv_env_LIBS_value=
ac_cv_env_build_alias_set=set
ac_cv_env_build_alias_value=x86_64-pc-linux-gnu
ac_cv_env_host_alias_set=set
ac_cv_env_host_alias_value=arm-linux-eabi
ac_cv_env_target_alias_set=
ac_cv_env_target_alias_value=
ac_cv_header_fcntl_h=yes
ac_cv_header_float_h=yes
ac_cv_header_inttypes_h=yes
ac_cv_header_math_h=yes
ac_cv_header_memory_h=yes
ac_cv_header_sqlite3_h=no
ac_cv_header_stdc=yes
ac_cv_header_stddef_h=yes
ac_cv_header_stdint_h=yes
ac_cv_header_stdio_h=yes
ac_cv_header_stdlib_h=yes
ac_cv_header_string_h=yes
ac_cv_header_strings_h=yes
ac_cv_header_sys_stat_h=yes
ac_cv_header_sys_time_h=yes
ac_cv_header_sys_types_h=yes
ac_cv_header_unistd_h=yes
ac_cv_objext=o
ac_cv_path_EGREP='/bin/grep -E'
ac_cv_path_GREP=/bin/grep
ac_cv_path_install='/usr/bin/install -c'
ac_cv_path_mkdir=/bin/mkdir
ac_cv_prog_AWK=mawk
ac_cv_prog_CPP='gcc -E'
ac_cv_prog_ac_ct_CC=gcc
ac_cv_prog_ac_ct_STRIP=strip
ac_cv_prog_cc_c89=
ac_cv_prog_cc_g=yes
ac_cv_prog_make_make_set=yes
am_cv_CC_dependencies_compiler_type=gcc3

## ----------------- ##
## Output variables. ##
## ----------------- ##

ACLOCAL='${SHELL} /home/srikanth/spatialite-android/spatialite-android-library/jni/libspatialite-4.0.0/missing --run aclocal-1.11'
AMDEPBACKSLASH='\'
AMDEP_FALSE='#'
AMDEP_TRUE=''
AMTAR='$${TAR-tar}'
ANDROID_FALSE=''
ANDROID_TRUE=''
AR=''
AS=''
AUTOCONF='${SHELL} /home/srikanth/spatialite-android/spatialite-android-library/jni/libspatialite-4.0.0/missing --run autoconf'
AUTOHEADER='${SHELL} /home/srikanth/spatialite-android/spatialite-android-library/jni/libspatialite-4.0.0/missing --run autoheader'
AUTOMAKE='${SHELL} /home/srikanth/spatialite-android/spatialite-android-library/jni/libspatialite-4.0.0/missing --run automake-1.11'
AWK='mawk'
CC='gcc'
CCDEPMODE='depmode=gcc3'
CFLAGS='-g -O2'
CPP='gcc -E'
CPPFLAGS=''
CXX=''
CXXCPP=''
CXXDEPMODE=''
CXXFLAGS=''
CYGPATH_W='echo'
DEFS=''
DEPDIR='.deps'
DLLTOOL=''
DSYMUTIL=''
DUMPBIN=''
ECHO_C=''
ECHO_N='-n'
ECHO_T=''
EGREP='/bin/grep -E'
EXEEXT=''
FGREP=''
GEOSCONFIG=''
GEOS_CFLAGS=''
GEOS_LDFLAGS=''
GREP='/bin/grep'
INSTALL_DATA='${INSTALL} -m 644'
INSTALL_PROGRAM='${INSTALL}'
INSTALL_SCRIPT='${INSTALL}'
INSTALL_STRIP_PROGRAM='$(install_sh) -c -s'
LD=''
LDFLAGS=''
LIBOBJS=''
LIBS=''
LIBTOOL=''
LIPO=''
LN_S=''
LTLIBOBJS=''
MACOSX_FALSE=''
MACOSX_TRUE=''
MAINT='#'
MAINTAINER_MODE_FALSE=''
MAINTAINER_MODE_TRUE='#'
MAKEINFO='${SHELL} /home/srikanth/spatialite-android/spatialite-android-library/jni/libspatialite-4.0.0/missing --run makeinfo'
MANIFEST_TOOL=''
MINGW_FALSE=''
MINGW_TRUE=''
MKDIR_P='/bin/mkdir -p'
NM=''
NMEDIT=''
OBJDUMP=''
OBJEXT='o'
OTOOL64=''
OTOOL=''
PACKAGE='libspatialite'
PACKAGE_BUGREPORT='a.furieri@lqt.it'
PACKAGE_NAME='libspatialite'
PACKAGE_STRING='libspatialite 4.0.0'
PACKAGE_TARNAME='libspatialite'
PACKAGE_URL=''
PACKAGE_VERSION='4.0.0'
PATH_SEPARATOR=':'
RANLIB=''
SED=''
SET_MAKE=''
SHELL='/bin/bash'
STRIP='strip'
VERSION='4.0.0'
ac_ct_AR=''
ac_ct_CC='gcc'
ac_ct_CXX=''
ac_ct_DUMPBIN=''
am__EXEEXT_FALSE=''
am__EXEEXT_TRUE=''
am__fastdepCC_FALSE='#'
am__fastdepCC_TRUE=''
am__fastdepCXX_FALSE=''
am__fastdepCXX_TRUE=''
am__include='include'
am__isrc=' -I$(srcdir)'
am__leading_dot='.'
am__nodep='_no'
am__quote=''
am__tar='$${TAR-tar} chof - "$$tardir"'
am__untar='$${TAR-tar} xf -'
bindir='${exec_prefix}/bin'
build='x86_64-pc-linux-gnu'
build_alias='x86_64-pc-linux-gnu'
build_cpu=''
build_os=''
build_vendor=''
datadir='${datarootdir}'
datarootdir='${prefix}/share'
docdir='${datarootdir}/doc/${PACKAGE_TARNAME}'
dvidir='${docdir}'
exec_prefix='NONE'
host='arm-linux-eabi'
host_alias='arm-linux-eabi'
host_cpu=''
host_os=''
host_vendor=''
htmldir='${docdir}'
includedir='${prefix}/include'
infodir='${datarootdir}/info'
install_sh='${SHELL} /home/srikanth/spatialite-android/spatialite-android-library/jni/libspatialite-4.0.0/install-sh'
libdir='${exec_prefix}/lib'
libexecdir='${exec_prefix}/libexec'
localedir='${datarootdir}/locale'
localstatedir='${prefix}/var'
mandir='${datarootdir}/man'
mkdir_p='/bin/mkdir -p'
oldincludedir='/usr/include'
pdfdir='${docdir}'
prefix='NONE'
program_transform_name='s,x,x,'
psdir='${docdir}'
sbindir='${exec_prefix}/sbin'
sharedstatedir='${prefix}/com'
sysconfdir='${prefix}/etc'
target_alias=''

## ----------- ##
## confdefs.h. ##
## ----------- ##

/* confdefs.h */
#define PACKAGE_NAME "libspatialite"
#define PACKAGE_TARNAME "libspatialite"
#define PACKAGE_VERSION "4.0.0"
#define PACKAGE_STRING "libspatialite 4.0.0"
#define PACKAGE_BUGREPORT "a.furieri@lqt.it"
#define PACKAGE_URL ""
#define PACKAGE "libspatialite"
#define VERSION "4.0.0"
#define _LARGE_FILE 1
#define _FILE_OFFSET_BITS 64
#define _LARGEFILE_SOURCE 1
#define NDEBUG 1
#define STDC_HEADERS 1
#define HAVE_SYS_TYPES_H 1
#define HAVE_SYS_STAT_H 1
#define HAVE_STDLIB_H 1
#define HAVE_STRING_H 1
#define HAVE_MEMORY_H 1
#define HAVE_STRINGS_H 1
#define HAVE_INTTYPES_H 1
#define HAVE_STDINT_H 1
#define HAVE_UNISTD_H 1
#define HAVE_STDLIB_H 1
#define HAVE_STDIO_H 1
#define HAVE_STRING_H 1
#define HAVE_MEMORY_H 1
#define HAVE_MATH_H 1
#define HAVE_FLOAT_H 1
#define HAVE_FCNTL_H 1
#define HAVE_INTTYPES_H 1
#define HAVE_STDDEF_H 1
#define HAVE_STDINT_H 1
#define HAVE_SYS_TIME_H 1
#define HAVE_UNISTD_H 1

configure: exit 1
